0    [AWT-EventQueue-0] INFO  ca.sqlpower.architect.ArchitectUtils  - Log4J configured successfully
9283 [AWT-EventQueue-0] INFO  ca.sqlpower.sql.PlDotIni  - Beginning to read/merge new pl.ini data
9929 [AWT-EventQueue-0] INFO  ca.sqlpower.sql.PlDotIni  - Finished reading file.
9936 [AWT-EventQueue-0] INFO  ca.sqlpower.sql.PlDotIni  - Beginning to read/merge new pl.ini data
10143 [AWT-EventQueue-0] INFO  ca.sqlpower.sql.PlDotIni  - Finished reading file.
13272 [AWT-EventQueue-0] INFO  ca.sqlpower.sqlobject.SQLTable  - The physical name of the table is: null
13744 [AWT-EventQueue-0] INFO  ca.sqlpower.sqlobject.SQLTable  - The physical name of the table is: null
13784 [AWT-EventQueue-0] INFO  ca.sqlpower.sqlobject.SQLTable  - The physical name of the table is: null
13801 [AWT-EventQueue-0] INFO  ca.sqlpower.sqlobject.SQLTable  - The physical name of the table is: null
13846 [AWT-EventQueue-0] INFO  ca.sqlpower.sqlobject.SQLTable  - The physical name of the table is: null
13866 [AWT-EventQueue-0] INFO  ca.sqlpower.sqlobject.SQLTable  - The physical name of the table is: null
13891 [AWT-EventQueue-0] INFO  ca.sqlpower.sqlobject.SQLTable  - The physical name of the table is: null
13910 [AWT-EventQueue-0] INFO  ca.sqlpower.sqlobject.SQLTable  - The physical name of the table is: null
13968 [AWT-EventQueue-0] INFO  ca.sqlpower.sqlobject.SQLTable  - The physical name of the table is: null
14062 [AWT-EventQueue-0] INFO  ca.sqlpower.architect.swingui.dbtree.DBTreeModel  - Changing a UUID. This should only be done during load.
14086 [AWT-EventQueue-0] INFO  ca.sqlpower.architect.swingui.dbtree.DBTreeModel  - Changing a UUID. This should only be done during load.
14095 [AWT-EventQueue-0] INFO  ca.sqlpower.architect.swingui.dbtree.DBTreeModel  - Changing a UUID. This should only be done during load.
14108 [AWT-EventQueue-0] INFO  ca.sqlpower.architect.swingui.dbtree.DBTreeModel  - Changing a UUID. This should only be done during load.
14115 [AWT-EventQueue-0] INFO  ca.sqlpower.architect.swingui.dbtree.DBTreeModel  - Changing a UUID. This should only be done during load.
14127 [AWT-EventQueue-0] INFO  ca.sqlpower.architect.swingui.dbtree.DBTreeModel  - Changing a UUID. This should only be done during load.
14140 [AWT-EventQueue-0] INFO  ca.sqlpower.architect.swingui.dbtree.DBTreeModel  - Changing a UUID. This should only be done during load.
14153 [AWT-EventQueue-0] INFO  ca.sqlpower.architect.swingui.dbtree.DBTreeModel  - Changing a UUID. This should only be done during load.
14334 [AWT-EventQueue-0] INFO  ca.sqlpower.architect.swingui.PlayPenComponent  - TablePane: vehiculo (TABLE) is adding ca.sqlpower.architect.swingui.PlayPen[Play Pen,0,0,0x0,invalid,layout=java.awt.FlowLayout,alignmentX=0.0,alignmentY=0.0,border=,flags=9,maximumSize=,minimumSize=java.awt.Dimension[width=1,height=1],preferredSize=]
14371 [AWT-EventQueue-0] INFO  ca.sqlpower.architect.swingui.PlayPenComponent  - TablePane: usuario (TABLE) is adding ca.sqlpower.architect.swingui.PlayPen[Play Pen,0,0,0x0,invalid,layout=java.awt.FlowLayout,alignmentX=0.0,alignmentY=0.0,border=,flags=9,maximumSize=,minimumSize=java.awt.Dimension[width=1,height=1],preferredSize=]
14380 [AWT-EventQueue-0] INFO  ca.sqlpower.architect.swingui.PlayPenComponent  - TablePane: tipo_bahias (TABLE) is adding ca.sqlpower.architect.swingui.PlayPen[Play Pen,0,0,0x0,invalid,layout=java.awt.FlowLayout,alignmentX=0.0,alignmentY=0.0,border=,flags=9,maximumSize=,minimumSize=java.awt.Dimension[width=1,height=1],preferredSize=]
14487 [AWT-EventQueue-0] INFO  ca.sqlpower.architect.swingui.PlayPenComponent  - TablePane: bahias (TABLE) is adding ca.sqlpower.architect.swingui.PlayPen[Play Pen,0,0,0x0,invalid,layout=java.awt.FlowLayout,alignmentX=0.0,alignmentY=0.0,border=,flags=9,maximumSize=,minimumSize=java.awt.Dimension[width=1,height=1],preferredSize=]
14502 [AWT-EventQueue-0] INFO  ca.sqlpower.architect.swingui.PlayPenComponent  - TablePane: zona (TABLE) is adding ca.sqlpower.architect.swingui.PlayPen[Play Pen,0,0,0x0,invalid,layout=java.awt.FlowLayout,alignmentX=0.0,alignmentY=0.0,border=,flags=9,maximumSize=,minimumSize=java.awt.Dimension[width=1,height=1],preferredSize=]
14521 [AWT-EventQueue-0] INFO  ca.sqlpower.architect.swingui.PlayPenComponent  - TablePane: tipo_vehiculo (TABLE) is adding ca.sqlpower.architect.swingui.PlayPen[Play Pen,0,0,0x0,invalid,layout=java.awt.FlowLayout,alignmentX=0.0,alignmentY=0.0,border=,flags=9,maximumSize=,minimumSize=java.awt.Dimension[width=1,height=1],preferredSize=]
14526 [AWT-EventQueue-0] INFO  ca.sqlpower.architect.swingui.PlayPenComponent  - TablePane: marca (TABLE) is adding ca.sqlpower.architect.swingui.PlayPen[Play Pen,0,0,0x0,invalid,layout=java.awt.FlowLayout,alignmentX=0.0,alignmentY=0.0,border=,flags=9,maximumSize=,minimumSize=java.awt.Dimension[width=1,height=1],preferredSize=]
14563 [AWT-EventQueue-0] INFO  ca.sqlpower.architect.swingui.PlayPenComponent  - TablePane: entrada_salida (TABLE) is adding ca.sqlpower.architect.swingui.PlayPen[Play Pen,0,0,0x0,invalid,layout=java.awt.FlowLayout,alignmentX=0.0,alignmentY=0.0,border=,flags=9,maximumSize=,minimumSize=java.awt.Dimension[width=1,height=1],preferredSize=]
14571 [AWT-EventQueue-0] INFO  ca.sqlpower.architect.swingui.PlayPenComponent  - TablePane: cliente (TABLE) is adding ca.sqlpower.architect.swingui.PlayPen[Play Pen,0,0,0x0,invalid,layout=java.awt.FlowLayout,alignmentX=0.0,alignmentY=0.0,border=,flags=9,maximumSize=,minimumSize=java.awt.Dimension[width=1,height=1],preferredSize=]
14727 [AWT-EventQueue-0] INFO  ca.sqlpower.architect.swingui.PlayPenComponent  - Relationship: tipo_bahias_bahias_fk is adding ca.sqlpower.architect.swingui.PlayPen[Play Pen,0,0,0x0,invalid,layout=java.awt.FlowLayout,alignmentX=0.0,alignmentY=0.0,border=,flags=9,maximumSize=,minimumSize=java.awt.Dimension[width=1,height=1],preferredSize=]
14732 [AWT-EventQueue-0] WARN  ca.sqlpower.architect.swingui.SwingUIProjectLoader  - Didn't set connection points because of integer parse error
14737 [AWT-EventQueue-0] INFO  ca.sqlpower.architect.swingui.PlayPenComponent  - Relationship: zona_bahias_fk is adding ca.sqlpower.architect.swingui.PlayPen[Play Pen,0,0,0x0,invalid,layout=java.awt.FlowLayout,alignmentX=0.0,alignmentY=0.0,border=,flags=9,maximumSize=,minimumSize=java.awt.Dimension[width=1,height=1],preferredSize=]
14746 [AWT-EventQueue-0] WARN  ca.sqlpower.architect.swingui.SwingUIProjectLoader  - Didn't set connection points because of integer parse error
14751 [AWT-EventQueue-0] INFO  ca.sqlpower.architect.swingui.PlayPenComponent  - Relationship: tipo_vehiculo_vehiculo_fk is adding ca.sqlpower.architect.swingui.PlayPen[Play Pen,0,0,0x0,invalid,layout=java.awt.FlowLayout,alignmentX=0.0,alignmentY=0.0,border=,flags=9,maximumSize=,minimumSize=java.awt.Dimension[width=1,height=1],preferredSize=]
14777 [AWT-EventQueue-0] WARN  ca.sqlpower.architect.swingui.SwingUIProjectLoader  - Didn't set connection points because of integer parse error
14784 [AWT-EventQueue-0] INFO  ca.sqlpower.architect.swingui.PlayPenComponent  - Relationship: marca_vehiculo_fk is adding ca.sqlpower.architect.swingui.PlayPen[Play Pen,0,0,0x0,invalid,layout=java.awt.FlowLayout,alignmentX=0.0,alignmentY=0.0,border=,flags=9,maximumSize=,minimumSize=java.awt.Dimension[width=1,height=1],preferredSize=]
14798 [AWT-EventQueue-0] WARN  ca.sqlpower.architect.swingui.SwingUIProjectLoader  - Didn't set connection points because of integer parse error
14808 [AWT-EventQueue-0] INFO  ca.sqlpower.architect.swingui.PlayPenComponent  - Relationship: vehiculo_entrada_salida_fk is adding ca.sqlpower.architect.swingui.PlayPen[Play Pen,0,0,0x0,invalid,layout=java.awt.FlowLayout,alignmentX=0.0,alignmentY=0.0,border=,flags=9,maximumSize=,minimumSize=java.awt.Dimension[width=1,height=1],preferredSize=]
14817 [AWT-EventQueue-0] WARN  ca.sqlpower.architect.swingui.SwingUIProjectLoader  - Didn't set connection points because of integer parse error
14824 [AWT-EventQueue-0] INFO  ca.sqlpower.architect.swingui.PlayPenComponent  - Relationship: bahias_entrada_salida_fk is adding ca.sqlpower.architect.swingui.PlayPen[Play Pen,0,0,0x0,invalid,layout=java.awt.FlowLayout,alignmentX=0.0,alignmentY=0.0,border=,flags=9,maximumSize=,minimumSize=java.awt.Dimension[width=1,height=1],preferredSize=]
14828 [AWT-EventQueue-0] WARN  ca.sqlpower.architect.swingui.SwingUIProjectLoader  - Didn't set connection points because of integer parse error
14832 [AWT-EventQueue-0] INFO  ca.sqlpower.architect.swingui.PlayPenComponent  - Relationship: usuario_entrada_salida_fk is adding ca.sqlpower.architect.swingui.PlayPen[Play Pen,0,0,0x0,invalid,layout=java.awt.FlowLayout,alignmentX=0.0,alignmentY=0.0,border=,flags=9,maximumSize=,minimumSize=java.awt.Dimension[width=1,height=1],preferredSize=]
14884 [AWT-EventQueue-0] WARN  ca.sqlpower.architect.swingui.SwingUIProjectLoader  - Didn't set connection points because of integer parse error
14890 [AWT-EventQueue-0] INFO  ca.sqlpower.architect.swingui.PlayPenComponent  - Relationship: cliente_vehiculo_fk is adding ca.sqlpower.architect.swingui.PlayPen[Play Pen,0,0,0x0,invalid,layout=java.awt.FlowLayout,alignmentX=0.0,alignmentY=0.0,border=,flags=9,maximumSize=,minimumSize=java.awt.Dimension[width=1,height=1],preferredSize=]
14897 [AWT-EventQueue-0] WARN  ca.sqlpower.architect.swingui.SwingUIProjectLoader  - Didn't set connection points because of integer parse error
20892 [Thread-5] ERROR ca.sqlpower.architect.swingui.action.CheckForUpdateAction  - Fail to retrieve current version number!
3871223 [AWT-EventQueue-0] INFO  ca.sqlpower.sqlobject.SQLTable  - The physical name of the table is: usuario
3871254 [AWT-EventQueue-0] INFO  ca.sqlpower.sqlobject.SQLTable  - The physical name of the table is: usuario
